<?xml version="1.0" encoding="UTF-8"?>
<!-- Generated by org.testng.reporters.JUnitXMLReporter -->
<testsuite ignored="0" hostname="LAPTOP-AHR2CD7I" failures="2" tests="8" name="Test" time="0.077" errors="0" timestamp="2023-07-15T23:16:03 IST">
  <testcase classname="listener.myTest2" name="x" time="0.011">
    <failure type="java.lang.AssertionError" message="null">
      <![CDATA[java.lang.AssertionError: null
at listener.myTest2.x(myTest2.java:19)
at java.base/java.util.ArrayList.forEach(ArrayList.java:1511)
... Removed 27 stack frames]]>
    </failure>
  </testcase> <!-- x -->
  <testcase classname="listener.myTest2" name="z" time="0.002"/>
  <testcase classname="listener.myTest2" name="w" time="0.001"/>
  <testcase classname="listener.myTest2" name="y" time="0.001">
    <skipped/>
  </testcase> <!-- y -->
  <testcase classname="listener.myTest" name="a" time="0.001"/>
  <testcase classname="listener.myTest" name="b" time="0.001">
    <failure type="java.lang.AssertionError" message="null">
      <![CDATA[java.lang.AssertionError: null
at listener.myTest.b(myTest.java:20)
at java.base/java.util.ArrayList.forEach(ArrayList.java:1511)
... Removed 27 stack frames]]>
    </failure>
  </testcase> <!-- b -->
  <testcase classname="listener.myTest" name="d" time="0.002"/>
  <testcase classname="listener.myTest" name="c" time="0.0">
    <skipped/>
  </testcase> <!-- c -->
</testsuite> <!-- Test -->
