<?xml version="1.0" encoding="UTF-8"?>
<!-- Generated by org.testng.reporters.JUnitXMLReporter -->
<testsuite ignored="5" hostname="LAPTOP-AHR2CD7I" failures="1" tests="1" name="Default test(failed)(failed)" time="1.083" errors="0" timestamp="2023-07-04T12:35:53 IST">
  <testcase classname="testNGXML.Demo3ForFailedXml" name="Testcase8" time="1.026">
    <failure type="org.testng.internal.thread.ThreadTimeoutException" message="Method testNGXML.Demo3ForFailedXml.Testcase8() didn&amp;apos;t finish within the time-out 1000">
      <![CDATA[org.testng.internal.thread.ThreadTimeoutException: Method testNGXML.Demo3ForFailedXml.Testcase8() didn't finish within the time-out 1000
at java.base/java.util.ArrayList.forEach(ArrayList.java:1511)
... Removed 24 stack frames]]>
    </failure>
  </testcase> <!-- Testcase8 -->
  <testcase classname="testNGXML.Demo3ForFailedXml" name="Testcase10" time="0.0">
    <ignored/>
  </testcase> <!-- Testcase10 -->
  <testcase classname="testNGXML.Demo3ForFailedXml" name="Testcase11" time="0.0">
    <ignored/>
  </testcase> <!-- Testcase11 -->
  <testcase classname="testNGXML.Demo3ForFailedXml" name="Testcase12" time="0.0">
    <ignored/>
  </testcase> <!-- Testcase12 -->
  <testcase classname="testNGXML.Demo3ForFailedXml" name="Testcase9" time="0.0">
    <ignored/>
  </testcase> <!-- Testcase9 -->
  <testcase classname="testNGXML.Demo3ForFailedXml" name="Testcase7" time="0.0">
    <ignored/>
  </testcase> <!-- Testcase7 -->
</testsuite> <!-- Default test(failed)(failed) -->
