<?xml version="1.0" encoding="UTF-8"?>
<!-- Generated by org.testng.reporters.JUnitXMLReporter -->
<testsuite ignored="5" hostname="LAPTOP-AHR2CD7I" failures="0" tests="1" name="Default test(failed)(failed)(failed)" time="1.076" errors="0" timestamp="2023-07-04T12:36:26 IST">
  <testcase classname="testNGXML.Demo3ForFailedXml" name="Testcase8" time="1.02"/>
  <testcase classname="testNGXML.Demo3ForFailedXml" name="Testcase10" time="0.0">
    <ignored/>
  </testcase> <!-- Testcase10 -->
  <testcase classname="testNGXML.Demo3ForFailedXml" name="Testcase11" time="0.0">
    <ignored/>
  </testcase> <!-- Testcase11 -->
  <testcase classname="testNGXML.Demo3ForFailedXml" name="Testcase12" time="0.0">
    <ignored/>
  </testcase> <!-- Testcase12 -->
  <testcase classname="testNGXML.Demo3ForFailedXml" name="Testcase9" time="0.0">
    <ignored/>
  </testcase> <!-- Testcase9 -->
  <testcase classname="testNGXML.Demo3ForFailedXml" name="Testcase7" time="0.0">
    <ignored/>
  </testcase> <!-- Testcase7 -->
</testsuite> <!-- Default test(failed)(failed)(failed) -->
